<?xml version="1.0" encoding="UTF-8"?>
<!-- Generated by org.testng.reporters.JUnitReportReporter -->
<testsuite hostname="HP" failures="0" tests="1" name="MainPackage.AdminUsersTest" time="11.776" errors="0" timestamp="2025-06-20T11:47:30 IST" skipped="0">
  <testcase classname="MainPackage.AdminUsersTest" name="adminuser" time="11.776"/>
</testsuite> <!-- MainPackage.AdminUsersTest -->
