<?xml version="1.0" encoding="UTF-8"?>
<!-- Generated by org.testng.reporters.JUnitReportReporter -->
<testsuite hostname="HP" failures="0" tests="1" name="MainPackage.SearchTest" time="7.171" errors="0" timestamp="2025-06-11T11:12:56 IST" skipped="0">
  <testcase classname="MainPackage.SearchTest" name="search" time="7.171"/>
</testsuite> <!-- MainPackage.SearchTest -->
