<?xml version="1.0" encoding="UTF-8"?>
<!-- Generated by org.testng.reporters.JUnitReportReporter -->
<testsuite hostname="HP" failures="0" tests="1" name="MainPackage.ManageCategoryTest" time="17.720" errors="0" timestamp="2025-06-20T11:47:30 IST" skipped="0">
  <testcase classname="MainPackage.ManageCategoryTest" name="testAddCategoryWithDiscount" time="17.720"/>
</testsuite> <!-- MainPackage.ManageCategoryTest -->
