<?xml version="1.0" encoding="UTF-8"?>
<!-- Generated by org.testng.reporters.JUnitReportReporter -->
<testsuite hostname="HP" failures="0" tests="1" name="MainPackage.LoginTest" time="5.608" errors="0" timestamp="2025-06-24T12:34:44 IST" skipped="0">
  <testcase classname="MainPackage.LoginTest" name="loginWithInvalidUsernameAndValidPassword" time="5.608"/>
</testsuite> <!-- MainPackage.LoginTest -->
