<?xml version="1.0" encoding="UTF-8"?>
<!-- Generated by org.testng.reporters.JUnitReportReporter -->
<testsuite hostname="HP" failures="0" tests="1" name="MainPackage.HomePageTest" time="12.476" errors="0" timestamp="2025-06-11T10:36:38 IST" skipped="0">
  <testcase classname="MainPackage.HomePageTest" name="signout" time="12.476"/>
</testsuite> <!-- MainPackage.HomePageTest -->
