<?xml version="1.0" encoding="UTF-8"?>
<!-- Generated by org.testng.reporters.JUnitReportReporter -->
<testsuite hostname="HP" failures="0" tests="1" name="MainPackage.ManageNewsTest" time="7.841" errors="0" timestamp="2025-06-11T20:13:05 IST" skipped="0">
  <testcase classname="MainPackage.ManageNewsTest" name="search" time="7.841"/>
</testsuite> <!-- MainPackage.ManageNewsTest -->
